<?xml version="1.0" encoding="utf-8"?><testsuites name="pytest tests"><testsuite name="pytest" errors="0" failures="0" skipped="0" tests="15" time="6.331" timestamp="2026-04-20T04:19:11.047552+00:00" hostname="agent-env-e2e3efdb-b330-4e99-b3e5-3073e79d0fd5"><testcase classname="tests.test_auth_session_iter12.TestAuthLoginFlow" name="test_login_success_returns_token_and_user" time="0.410" /><testcase classname="tests.test_auth_session_iter12.TestAuthLoginFlow" name="test_login_invalid_credentials_returns_401" time="0.100" /><testcase classname="tests.test_auth_session_iter12.TestAuthLoginFlow" name="test_login_wrong_password_returns_401" time="0.307" /><testcase classname="tests.test_auth_session_iter12.TestAuthTokenValidation" name="test_auth_me_with_valid_token" time="0.434" /><testcase classname="tests.test_auth_session_iter12.TestAuthTokenValidation" name="test_auth_me_without_token_returns_401" time="0.081" /><testcase classname="tests.test_auth_session_iter12.TestAuthTokenValidation" name="test_auth_me_with_invalid_token_returns_401" time="0.115" /><testcase classname="tests.test_auth_session_iter12.TestSessionHydration" name="test_token_reuse_for_multiple_requests" time="0.684" /><testcase classname="tests.test_auth_session_iter12.TestRoleUserAPIs" name="test_list_users_as_admin" time="0.421" /><testcase classname="tests.test_auth_session_iter12.TestRoleUserAPIs" name="test_get_roles_matrix" time="0.431" /><testcase classname="tests.test_auth_session_iter12.TestRoleUserAPIs" name="test_create_and_delete_test_user" time="0.726" /><testcase classname="tests.test_auth_session_iter12.TestRoleUserAPIs" name="test_update_user_role" time="0.801" /><testcase classname="tests.test_auth_session_iter12.TestCoreAPIsWithAuth" name="test_activity_endpoint" time="0.399" /><testcase classname="tests.test_auth_session_iter12.TestCoreAPIsWithAuth" name="test_template_library_endpoint" time="0.427" /><testcase classname="tests.test_auth_session_iter12.TestCoreAPIsWithAuth" name="test_ready_templates_endpoint" time="0.441" /><testcase classname="tests.test_auth_session_iter12.TestCoreAPIsWithAuth" name="test_prompts_endpoint" time="0.429" /></testsuite></testsuites>