<?xml version="1.0" encoding="utf-8"?><testsuites name="pytest tests"><testsuite name="pytest" errors="0" failures="0" skipped="0" tests="13" time="2.561" timestamp="2026-04-18T14:08:04.148033+00:00" hostname="agent-env-e2e3efdb-b330-4e99-b3e5-3073e79d0fd5"><testcase classname="backend.tests.test_builder_iteration10.TestBuilderPageAPIs" name="test_api_health" time="0.137" /><testcase classname="backend.tests.test_builder_iteration10.TestBuilderPageAPIs" name="test_list_prompt_drafts" time="0.404" /><testcase classname="backend.tests.test_builder_iteration10.TestBuilderPageAPIs" name="test_list_ready_templates" time="0.278" /><testcase classname="backend.tests.test_builder_iteration10.TestBuilderPageAPIs" name="test_list_template_library" time="0.090" /><testcase classname="backend.tests.test_builder_iteration10.TestPromptDraftCRUD" name="test_create_prompt_draft" time="0.179" /><testcase classname="backend.tests.test_builder_iteration10.TestPromptDraftCRUD" name="test_get_prompt_draft" time="0.269" /><testcase classname="backend.tests.test_builder_iteration10.TestPromptDraftCRUD" name="test_update_prompt_draft" time="0.272" /><testcase classname="backend.tests.test_builder_iteration10.TestCompileEndpoint" name="test_compile_basic" time="0.102" /><testcase classname="backend.tests.test_builder_iteration10.TestCompileEndpoint" name="test_compile_case_insensitive_placeholders" time="0.080" /><testcase classname="backend.tests.test_builder_iteration10.TestCompileEndpoint" name="test_compile_mixed_case_variables" time="0.102" /><testcase classname="backend.tests.test_builder_iteration10.TestCompileEndpoint" name="test_compile_with_subsections" time="0.089" /><testcase classname="backend.tests.test_builder_iteration10.TestCompileEndpoint" name="test_compile_empty_variable_shows_placeholder" time="0.104" /><testcase classname="backend.tests.test_builder_iteration10.TestCleanup" name="test_cleanup_test_drafts" time="0.405" /></testsuite></testsuites>