<?xml version="1.0" encoding="utf-8"?><testsuites name="pytest tests"><testsuite name="pytest" errors="0" failures="0" skipped="0" tests="6" time="8.365" timestamp="2026-03-13T12:02:33.935568+00:00" hostname="agent-env-e2e3efdb-b330-4e99-b3e5-3073e79d0fd5"><testcase classname="backend.tests.test_security_authz_prompts_templates.TestPromptTemplateJwtSecurity" name="test_prompt_create_requires_bearer_token_even_if_forged_headers" time="1.224" /><testcase classname="backend.tests.test_security_authz_prompts_templates.TestPromptTemplateJwtSecurity" name="test_template_update_requires_bearer_token_even_if_forged_headers" time="0.862" /><testcase classname="backend.tests.test_security_authz_prompts_templates.TestPromptTemplateJwtSecurity" name="test_invalid_token_rejected_on_prompt_and_template_writes" time="1.124" /><testcase classname="backend.tests.test_security_authz_prompts_templates.TestPromptTemplateJwtSecurity" name="test_editor_cannot_mutate_template_even_with_forged_admin_headers" time="3.161" /><testcase classname="backend.tests.test_security_authz_prompts_templates.TestPromptTemplateJwtSecurity" name="test_viewer_cannot_create_prompt_even_with_forged_admin_headers" time="0.396" /><testcase classname="backend.tests.test_security_authz_prompts_templates.TestPromptTemplateJwtSecurity" name="test_editor_can_create_update_prompt_and_server_uses_jwt_user_context" time="1.486" /></testsuite></testsuites>