<?xml version="1.0" encoding="utf-8"?><testsuites name="pytest tests"><testsuite name="pytest" errors="0" failures="0" skipped="0" tests="4" time="1.357" timestamp="2026-04-18T08:22:51.521365+00:00" hostname="agent-env-e2e3efdb-b330-4e99-b3e5-3073e79d0fd5"><testcase classname="backend.tests.test_ia_activity_template_library.TestActivityTemplateLibraryAndSettings" name="test_activity_and_template_library_require_auth" time="0.533" /><testcase classname="backend.tests.test_ia_activity_template_library.TestActivityTemplateLibraryAndSettings" name="test_cloned_template_is_draft_then_can_become_ready" time="0.213" /><testcase classname="backend.tests.test_ia_activity_template_library.TestActivityTemplateLibraryAndSettings" name="test_prompt_appears_in_activity_after_first_save" time="0.128" /><testcase classname="backend.tests.test_ia_activity_template_library.TestActivityTemplateLibraryAndSettings" name="test_admin_can_edit_role_permissions_and_persist" time="0.372" /></testsuite></testsuites>